2023-03-14 15:54:25.280	[34mINFO[0m	rpcserver/server.go:151	[gRPC] server listening on: 127.0.0.1:8081
2023-03-14 16:04:42.001	[34mINFO[0m	rpcserver/server.go:151	[gRPC] server listening on: 127.0.0.1:8081
2023-03-14 16:14:35.848	[34mINFO[0m	rpcserver/server.go:151	[gRPC] server listening on: 127.0.0.1:8081
2023-03-15 14:54:42.463	[31mERROR[0m	app/app.go:65	register service error: Unexpected response code: 400 (Missing service name)
2023-03-15 14:54:42.465	[31mERROR[0m	srv/app.go:36	run user app error: Unexpected response code: 400 (Missing service name)
2023-03-15 14:55:24.526	[31mERROR[0m	app/app.go:65	register service error: Unexpected response code: 400 (Missing service name)
2023-03-15 14:55:24.526	[31mERROR[0m	srv/app.go:36	run user app error: Unexpected response code: 400 (Missing service name)
2023-03-15 14:57:02.003	[34mINFO[0m	rpcserver/server.go:151	[gRPC] server listening on: 127.0.0.1:8081
2023-03-15 14:58:26.212	[34mINFO[0m	rpcserver/server.go:151	[gRPC] server listening on: 127.0.0.1:8081
2023-03-15 14:58:42.648	[34mINFO[0m	rpcserver/server.go:151	[gRPC] server listening on: 127.0.0.1:8081
2023-03-15 14:59:20.944	[31mERROR[0m	app/app.go:58	register service error: Unexpected response code: 400 (Missing service name)
2023-03-15 14:59:20.945	[31mERROR[0m	srv/app.go:36	run user app error: Unexpected response code: 400 (Missing service name)
2023-03-15 15:00:59.873	[31mERROR[0m	app/app.go:58	register service error: Unexpected response code: 400 (Missing service name)
2023-03-15 15:00:59.873	[31mERROR[0m	srv/app.go:36	run user app error: Unexpected response code: 400 (Missing service name)
2023-03-15 15:05:32.044	[31mERROR[0m	app/app.go:58	register service error: Unexpected response code: 400 (Missing service name)
2023-03-15 15:05:32.045	[31mERROR[0m	srv/app.go:36	run user app error: Unexpected response code: 400 (Missing service name)
2023-03-15 15:05:36.339	[34mINFO[0m	rpcserver/server.go:151	[gRPC] server listening on: 127.0.0.1:8081
2023-03-15 15:05:39.651	[31mERROR[0m	app/app.go:68	register service error: Unexpected response code: 400 (Missing service name)
2023-03-15 15:05:39.652	[31mERROR[0m	srv/app.go:36	run user app error: Unexpected response code: 400 (Missing service name)
2023-03-15 15:08:32.499	[34mINFO[0m	rpcserver/server.go:151	[gRPC] server listening on: 127.0.0.1:8081
2023-03-15 15:08:32.503	[31mERROR[0m	app/app.go:68	register service error: Unexpected response code: 400 (Missing service name)
2023-03-15 15:08:32.503	[31mERROR[0m	srv/app.go:36	run user app error: Unexpected response code: 400 (Missing service name)
2023-03-15 15:10:16.395	[34mINFO[0m	rpcserver/server.go:151	[gRPC] server listening on: 127.0.0.1:8081
2023-03-15 15:23:38.506	[34mINFO[0m	rpcserver/server.go:151	[gRPC] server listening on: 127.0.0.1:8081
2023-03-15 15:24:43.575	[34mINFO[0m	rpcserver/server.go:151	[gRPC] server listening on: 127.0.0.1:8081
2023-03-15 15:31:00.306	[34mINFO[0m	rpcserver/server.go:151	[gRPC] server listening on: 127.0.0.1:8081
2023-03-15 15:34:17.349	[34mINFO[0m	rpcserver/server.go:151	[gRPC] server listening on: 127.0.0.1:8081
2023-03-15 15:34:26.711	[34mINFO[0m	rpcserver/server.go:151	[gRPC] server listening on: 127.0.0.1:8081
2023-03-15 15:36:33.776	[34mINFO[0m	rpcserver/server.go:151	[gRPC] server listening on: 127.0.0.1:8081
2023-03-15 15:37:40.540	[34mINFO[0m	rpcserver/server.go:151	[gRPC] server listening on: 127.0.0.1:8081
2023-03-15 15:48:03.093	[31mERROR[0m	consul/client.go:171	[Consul]update ttl heartbeat to consul failed!err:=Unexpected response code: 404 (Unknown check ID "service:415a4e09-c304-11ed-8554-f4a47506620c". Ensure that the check ID is passed, not the check name.)
2023-03-15 15:48:13.092	[31mERROR[0m	consul/client.go:171	[Consul]update ttl heartbeat to consul failed!err:=Unexpected response code: 404 (Unknown check ID "service:415a4e09-c304-11ed-8554-f4a47506620c". Ensure that the check ID is passed, not the check name.)
2023-03-15 15:48:23.087	[31mERROR[0m	consul/client.go:171	[Consul]update ttl heartbeat to consul failed!err:=Unexpected response code: 404 (Unknown check ID "service:415a4e09-c304-11ed-8554-f4a47506620c". Ensure that the check ID is passed, not the check name.)
2023-03-15 15:48:33.088	[31mERROR[0m	consul/client.go:171	[Consul]update ttl heartbeat to consul failed!err:=Unexpected response code: 404 (Unknown check ID "service:415a4e09-c304-11ed-8554-f4a47506620c". Ensure that the check ID is passed, not the check name.)
2023-03-15 15:48:43.090	[31mERROR[0m	consul/client.go:171	[Consul]update ttl heartbeat to consul failed!err:=Unexpected response code: 404 (Unknown check ID "service:415a4e09-c304-11ed-8554-f4a47506620c". Ensure that the check ID is passed, not the check name.)
2023-03-15 15:48:53.086	[31mERROR[0m	consul/client.go:171	[Consul]update ttl heartbeat to consul failed!err:=Unexpected response code: 404 (Unknown check ID "service:415a4e09-c304-11ed-8554-f4a47506620c". Ensure that the check ID is passed, not the check name.)
2023-03-15 15:49:03.079	[31mERROR[0m	consul/client.go:171	[Consul]update ttl heartbeat to consul failed!err:=Unexpected response code: 404 (Unknown check ID "service:415a4e09-c304-11ed-8554-f4a47506620c". Ensure that the check ID is passed, not the check name.)
2023-03-15 15:49:13.078	[31mERROR[0m	consul/client.go:171	[Consul]update ttl heartbeat to consul failed!err:=Unexpected response code: 404 (Unknown check ID "service:415a4e09-c304-11ed-8554-f4a47506620c". Ensure that the check ID is passed, not the check name.)
2023-03-15 15:49:23.083	[31mERROR[0m	consul/client.go:171	[Consul]update ttl heartbeat to consul failed!err:=Unexpected response code: 404 (Unknown check ID "service:415a4e09-c304-11ed-8554-f4a47506620c". Ensure that the check ID is passed, not the check name.)
2023-03-15 15:49:33.092	[31mERROR[0m	consul/client.go:171	[Consul]update ttl heartbeat to consul failed!err:=Unexpected response code: 404 (Unknown check ID "service:415a4e09-c304-11ed-8554-f4a47506620c". Ensure that the check ID is passed, not the check name.)
2023-03-15 15:49:43.091	[31mERROR[0m	consul/client.go:171	[Consul]update ttl heartbeat to consul failed!err:=Unexpected response code: 404 (Unknown check ID "service:415a4e09-c304-11ed-8554-f4a47506620c". Ensure that the check ID is passed, not the check name.)
2023-03-15 15:49:53.093	[31mERROR[0m	consul/client.go:171	[Consul]update ttl heartbeat to consul failed!err:=Unexpected response code: 404 (Unknown check ID "service:415a4e09-c304-11ed-8554-f4a47506620c". Ensure that the check ID is passed, not the check name.)
2023-03-15 15:50:03.090	[31mERROR[0m	consul/client.go:171	[Consul]update ttl heartbeat to consul failed!err:=Unexpected response code: 404 (Unknown check ID "service:415a4e09-c304-11ed-8554-f4a47506620c". Ensure that the check ID is passed, not the check name.)
2023-03-15 15:50:13.092	[31mERROR[0m	consul/client.go:171	[Consul]update ttl heartbeat to consul failed!err:=Unexpected response code: 404 (Unknown check ID "service:415a4e09-c304-11ed-8554-f4a47506620c". Ensure that the check ID is passed, not the check name.)
2023-03-15 15:50:23.079	[31mERROR[0m	consul/client.go:171	[Consul]update ttl heartbeat to consul failed!err:=Unexpected response code: 404 (Unknown check ID "service:415a4e09-c304-11ed-8554-f4a47506620c". Ensure that the check ID is passed, not the check name.)
2023-03-15 15:50:33.086	[31mERROR[0m	consul/client.go:171	[Consul]update ttl heartbeat to consul failed!err:=Unexpected response code: 404 (Unknown check ID "service:415a4e09-c304-11ed-8554-f4a47506620c". Ensure that the check ID is passed, not the check name.)
2023-03-15 15:50:43.086	[31mERROR[0m	consul/client.go:171	[Consul]update ttl heartbeat to consul failed!err:=Unexpected response code: 404 (Unknown check ID "service:415a4e09-c304-11ed-8554-f4a47506620c". Ensure that the check ID is passed, not the check name.)
2023-03-15 15:50:53.087	[31mERROR[0m	consul/client.go:171	[Consul]update ttl heartbeat to consul failed!err:=Unexpected response code: 404 (Unknown check ID "service:415a4e09-c304-11ed-8554-f4a47506620c". Ensure that the check ID is passed, not the check name.)
2023-03-15 15:51:03.084	[31mERROR[0m	consul/client.go:171	[Consul]update ttl heartbeat to consul failed!err:=Unexpected response code: 404 (Unknown check ID "service:415a4e09-c304-11ed-8554-f4a47506620c". Ensure that the check ID is passed, not the check name.)
2023-03-15 15:51:13.089	[31mERROR[0m	consul/client.go:171	[Consul]update ttl heartbeat to consul failed!err:=Unexpected response code: 404 (Unknown check ID "service:415a4e09-c304-11ed-8554-f4a47506620c". Ensure that the check ID is passed, not the check name.)
2023-03-15 15:51:23.086	[31mERROR[0m	consul/client.go:171	[Consul]update ttl heartbeat to consul failed!err:=Unexpected response code: 404 (Unknown check ID "service:415a4e09-c304-11ed-8554-f4a47506620c". Ensure that the check ID is passed, not the check name.)
2023-03-15 15:51:33.087	[31mERROR[0m	consul/client.go:171	[Consul]update ttl heartbeat to consul failed!err:=Unexpected response code: 404 (Unknown check ID "service:415a4e09-c304-11ed-8554-f4a47506620c". Ensure that the check ID is passed, not the check name.)
2023-03-15 15:51:43.084	[31mERROR[0m	consul/client.go:171	[Consul]update ttl heartbeat to consul failed!err:=Unexpected response code: 404 (Unknown check ID "service:415a4e09-c304-11ed-8554-f4a47506620c". Ensure that the check ID is passed, not the check name.)
2023-03-15 15:51:53.079	[31mERROR[0m	consul/client.go:171	[Consul]update ttl heartbeat to consul failed!err:=Unexpected response code: 404 (Unknown check ID "service:415a4e09-c304-11ed-8554-f4a47506620c". Ensure that the check ID is passed, not the check name.)
2023-03-15 15:52:03.086	[31mERROR[0m	consul/client.go:171	[Consul]update ttl heartbeat to consul failed!err:=Unexpected response code: 404 (Unknown check ID "service:415a4e09-c304-11ed-8554-f4a47506620c". Ensure that the check ID is passed, not the check name.)
2023-03-15 15:52:13.083	[31mERROR[0m	consul/client.go:171	[Consul]update ttl heartbeat to consul failed!err:=Unexpected response code: 404 (Unknown check ID "service:415a4e09-c304-11ed-8554-f4a47506620c". Ensure that the check ID is passed, not the check name.)
2023-03-15 15:52:23.087	[31mERROR[0m	consul/client.go:171	[Consul]update ttl heartbeat to consul failed!err:=Unexpected response code: 404 (Unknown check ID "service:415a4e09-c304-11ed-8554-f4a47506620c". Ensure that the check ID is passed, not the check name.)
2023-03-15 15:52:33.082	[31mERROR[0m	consul/client.go:171	[Consul]update ttl heartbeat to consul failed!err:=Unexpected response code: 404 (Unknown check ID "service:415a4e09-c304-11ed-8554-f4a47506620c". Ensure that the check ID is passed, not the check name.)
2023-03-15 15:52:43.079	[31mERROR[0m	consul/client.go:171	[Consul]update ttl heartbeat to consul failed!err:=Unexpected response code: 404 (Unknown check ID "service:415a4e09-c304-11ed-8554-f4a47506620c". Ensure that the check ID is passed, not the check name.)
2023-03-15 15:52:53.092	[31mERROR[0m	consul/client.go:171	[Consul]update ttl heartbeat to consul failed!err:=Unexpected response code: 404 (Unknown check ID "service:415a4e09-c304-11ed-8554-f4a47506620c". Ensure that the check ID is passed, not the check name.)
2023-03-15 15:53:03.087	[31mERROR[0m	consul/client.go:171	[Consul]update ttl heartbeat to consul failed!err:=Unexpected response code: 404 (Unknown check ID "service:415a4e09-c304-11ed-8554-f4a47506620c". Ensure that the check ID is passed, not the check name.)
2023-03-15 15:53:13.089	[31mERROR[0m	consul/client.go:171	[Consul]update ttl heartbeat to consul failed!err:=Unexpected response code: 404 (Unknown check ID "service:415a4e09-c304-11ed-8554-f4a47506620c". Ensure that the check ID is passed, not the check name.)
2023-03-15 15:53:23.090	[31mERROR[0m	consul/client.go:171	[Consul]update ttl heartbeat to consul failed!err:=Unexpected response code: 404 (Unknown check ID "service:415a4e09-c304-11ed-8554-f4a47506620c". Ensure that the check ID is passed, not the check name.)
2023-03-15 15:53:33.087	[31mERROR[0m	consul/client.go:171	[Consul]update ttl heartbeat to consul failed!err:=Unexpected response code: 404 (Unknown check ID "service:415a4e09-c304-11ed-8554-f4a47506620c". Ensure that the check ID is passed, not the check name.)
2023-03-15 15:53:43.086	[31mERROR[0m	consul/client.go:171	[Consul]update ttl heartbeat to consul failed!err:=Unexpected response code: 404 (Unknown check ID "service:415a4e09-c304-11ed-8554-f4a47506620c". Ensure that the check ID is passed, not the check name.)
2023-03-15 15:53:53.088	[31mERROR[0m	consul/client.go:171	[Consul]update ttl heartbeat to consul failed!err:=Unexpected response code: 404 (Unknown check ID "service:415a4e09-c304-11ed-8554-f4a47506620c". Ensure that the check ID is passed, not the check name.)
2023-03-15 15:54:03.085	[31mERROR[0m	consul/client.go:171	[Consul]update ttl heartbeat to consul failed!err:=Unexpected response code: 404 (Unknown check ID "service:415a4e09-c304-11ed-8554-f4a47506620c". Ensure that the check ID is passed, not the check name.)
2023-03-15 15:54:13.083	[31mERROR[0m	consul/client.go:171	[Consul]update ttl heartbeat to consul failed!err:=Unexpected response code: 404 (Unknown check ID "service:415a4e09-c304-11ed-8554-f4a47506620c". Ensure that the check ID is passed, not the check name.)
2023-03-15 15:54:23.089	[31mERROR[0m	consul/client.go:171	[Consul]update ttl heartbeat to consul failed!err:=Unexpected response code: 404 (Unknown check ID "service:415a4e09-c304-11ed-8554-f4a47506620c". Ensure that the check ID is passed, not the check name.)
2023-03-15 15:54:33.093	[31mERROR[0m	consul/client.go:171	[Consul]update ttl heartbeat to consul failed!err:=Unexpected response code: 404 (Unknown check ID "service:415a4e09-c304-11ed-8554-f4a47506620c". Ensure that the check ID is passed, not the check name.)
2023-03-15 15:54:43.080	[31mERROR[0m	consul/client.go:171	[Consul]update ttl heartbeat to consul failed!err:=Unexpected response code: 404 (Unknown check ID "service:415a4e09-c304-11ed-8554-f4a47506620c". Ensure that the check ID is passed, not the check name.)
2023-03-15 15:54:53.088	[31mERROR[0m	consul/client.go:171	[Consul]update ttl heartbeat to consul failed!err:=Unexpected response code: 404 (Unknown check ID "service:415a4e09-c304-11ed-8554-f4a47506620c". Ensure that the check ID is passed, not the check name.)
2023-03-15 15:55:03.078	[31mERROR[0m	consul/client.go:171	[Consul]update ttl heartbeat to consul failed!err:=Unexpected response code: 404 (Unknown check ID "service:415a4e09-c304-11ed-8554-f4a47506620c". Ensure that the check ID is passed, not the check name.)
2023-03-15 15:55:18.446	[34mINFO[0m	rpcserver/server.go:151	[gRPC] server listening on: 127.0.0.1:8081
2023-03-15 15:56:19.952	[34mINFO[0m	rpcserver/server.go:151	[gRPC] server listening on: 127.0.0.1:8081
2023-03-15 15:57:18.912	[34mINFO[0m	rpcserver/server.go:151	[gRPC] server listening on: 127.0.0.1:8081
2023-03-15 15:59:01.068	[34mINFO[0m	rpcserver/server.go:151	[gRPC] server listening on: 127.0.0.1:8081
2023-03-15 16:18:04.413	[34mINFO[0m	rpcserver/server.go:151	[gRPC] server listening on: 127.0.0.1:8081
2023-03-15 16:23:51.086	[34mINFO[0m	rpcserver/server.go:151	[gRPC] server listening on: 127.0.0.1:8081
2023-03-15 16:29:41.383	[34mINFO[0m	rpcserver/server.go:151	[gRPC] server listening on: 127.0.0.1:8081
2023-03-15 16:30:20.134	[34mINFO[0m	rpcserver/server.go:151	[gRPC] server listening on: 127.0.0.1:8081
2023-03-15 16:37:28.075	[34mINFO[0m	rpcserver/server.go:151	[gRPC] server listening on: 127.0.0.1:8081
2023-03-15 16:37:33.062	[34mINFO[0m	rpcserver/server.go:151	[gRPC] server listening on: 127.0.0.1:8081
2023-03-15 16:39:58.609	[34mINFO[0m	rpcserver/server.go:151	[gRPC] server listening on: 127.0.0.1:8081
2023-03-15 16:40:31.465	[34mINFO[0m	rpcserver/server.go:151	[gRPC] server listening on: 127.0.0.1:8081
2023-03-15 16:40:37.158	[34mINFO[0m	rpcserver/server.go:151	[gRPC] server listening on: 127.0.0.1:8081
2023-03-15 16:52:01.480	[31mERROR[0m	consul/client.go:171	[Consul]update ttl heartbeat to consul failed!err:=Unexpected response code: 404 (Unknown check ID "service:0ef82d17-c30d-11ed-a51b-f4a47506620c". Ensure that the check ID is passed, not the check name.)
2023-03-15 16:52:11.483	[31mERROR[0m	consul/client.go:171	[Consul]update ttl heartbeat to consul failed!err:=Unexpected response code: 404 (Unknown check ID "service:0ef82d17-c30d-11ed-a51b-f4a47506620c". Ensure that the check ID is passed, not the check name.)
2023-03-15 16:52:21.473	[31mERROR[0m	consul/client.go:171	[Consul]update ttl heartbeat to consul failed!err:=Unexpected response code: 404 (Unknown check ID "service:0ef82d17-c30d-11ed-a51b-f4a47506620c". Ensure that the check ID is passed, not the check name.)
2023-03-15 16:52:31.482	[31mERROR[0m	consul/client.go:171	[Consul]update ttl heartbeat to consul failed!err:=Unexpected response code: 404 (Unknown check ID "service:0ef82d17-c30d-11ed-a51b-f4a47506620c". Ensure that the check ID is passed, not the check name.)
2023-03-15 16:52:41.483	[31mERROR[0m	consul/client.go:171	[Consul]update ttl heartbeat to consul failed!err:=Unexpected response code: 404 (Unknown check ID "service:0ef82d17-c30d-11ed-a51b-f4a47506620c". Ensure that the check ID is passed, not the check name.)
2023-03-15 16:52:51.486	[31mERROR[0m	consul/client.go:171	[Consul]update ttl heartbeat to consul failed!err:=Unexpected response code: 404 (Unknown check ID "service:0ef82d17-c30d-11ed-a51b-f4a47506620c". Ensure that the check ID is passed, not the check name.)
2023-03-15 16:53:01.483	[31mERROR[0m	consul/client.go:171	[Consul]update ttl heartbeat to consul failed!err:=Unexpected response code: 404 (Unknown check ID "service:0ef82d17-c30d-11ed-a51b-f4a47506620c". Ensure that the check ID is passed, not the check name.)
2023-03-15 16:53:11.482	[31mERROR[0m	consul/client.go:171	[Consul]update ttl heartbeat to consul failed!err:=Unexpected response code: 404 (Unknown check ID "service:0ef82d17-c30d-11ed-a51b-f4a47506620c". Ensure that the check ID is passed, not the check name.)
2023-03-15 16:53:21.471	[31mERROR[0m	consul/client.go:171	[Consul]update ttl heartbeat to consul failed!err:=Unexpected response code: 404 (Unknown check ID "service:0ef82d17-c30d-11ed-a51b-f4a47506620c". Ensure that the check ID is passed, not the check name.)
2023-03-15 16:53:31.485	[31mERROR[0m	consul/client.go:171	[Consul]update ttl heartbeat to consul failed!err:=Unexpected response code: 404 (Unknown check ID "service:0ef82d17-c30d-11ed-a51b-f4a47506620c". Ensure that the check ID is passed, not the check name.)
2023-03-15 16:53:41.480	[31mERROR[0m	consul/client.go:171	[Consul]update ttl heartbeat to consul failed!err:=Unexpected response code: 404 (Unknown check ID "service:0ef82d17-c30d-11ed-a51b-f4a47506620c". Ensure that the check ID is passed, not the check name.)
2023-03-15 16:53:51.484	[31mERROR[0m	consul/client.go:171	[Consul]update ttl heartbeat to consul failed!err:=Unexpected response code: 404 (Unknown check ID "service:0ef82d17-c30d-11ed-a51b-f4a47506620c". Ensure that the check ID is passed, not the check name.)
2023-03-15 16:54:01.481	[31mERROR[0m	consul/client.go:171	[Consul]update ttl heartbeat to consul failed!err:=Unexpected response code: 404 (Unknown check ID "service:0ef82d17-c30d-11ed-a51b-f4a47506620c". Ensure that the check ID is passed, not the check name.)
2023-03-15 16:54:11.471	[31mERROR[0m	consul/client.go:171	[Consul]update ttl heartbeat to consul failed!err:=Unexpected response code: 404 (Unknown check ID "service:0ef82d17-c30d-11ed-a51b-f4a47506620c". Ensure that the check ID is passed, not the check name.)
2023-03-15 16:54:21.479	[31mERROR[0m	consul/client.go:171	[Consul]update ttl heartbeat to consul failed!err:=Unexpected response code: 404 (Unknown check ID "service:0ef82d17-c30d-11ed-a51b-f4a47506620c". Ensure that the check ID is passed, not the check name.)
2023-03-15 16:54:31.484	[31mERROR[0m	consul/client.go:171	[Consul]update ttl heartbeat to consul failed!err:=Unexpected response code: 404 (Unknown check ID "service:0ef82d17-c30d-11ed-a51b-f4a47506620c". Ensure that the check ID is passed, not the check name.)
2023-03-15 16:54:41.474	[31mERROR[0m	consul/client.go:171	[Consul]update ttl heartbeat to consul failed!err:=Unexpected response code: 404 (Unknown check ID "service:0ef82d17-c30d-11ed-a51b-f4a47506620c". Ensure that the check ID is passed, not the check name.)
2023-03-15 16:54:51.484	[31mERROR[0m	consul/client.go:171	[Consul]update ttl heartbeat to consul failed!err:=Unexpected response code: 404 (Unknown check ID "service:0ef82d17-c30d-11ed-a51b-f4a47506620c". Ensure that the check ID is passed, not the check name.)
2023-03-15 16:55:01.479	[31mERROR[0m	consul/client.go:171	[Consul]update ttl heartbeat to consul failed!err:=Unexpected response code: 404 (Unknown check ID "service:0ef82d17-c30d-11ed-a51b-f4a47506620c". Ensure that the check ID is passed, not the check name.)
2023-03-15 16:55:11.483	[31mERROR[0m	consul/client.go:171	[Consul]update ttl heartbeat to consul failed!err:=Unexpected response code: 404 (Unknown check ID "service:0ef82d17-c30d-11ed-a51b-f4a47506620c". Ensure that the check ID is passed, not the check name.)
2023-03-15 16:55:21.481	[31mERROR[0m	consul/client.go:171	[Consul]update ttl heartbeat to consul failed!err:=Unexpected response code: 404 (Unknown check ID "service:0ef82d17-c30d-11ed-a51b-f4a47506620c". Ensure that the check ID is passed, not the check name.)
2023-03-15 16:55:31.482	[31mERROR[0m	consul/client.go:171	[Consul]update ttl heartbeat to consul failed!err:=Unexpected response code: 404 (Unknown check ID "service:0ef82d17-c30d-11ed-a51b-f4a47506620c". Ensure that the check ID is passed, not the check name.)
2023-03-15 16:55:41.479	[31mERROR[0m	consul/client.go:171	[Consul]update ttl heartbeat to consul failed!err:=Unexpected response code: 404 (Unknown check ID "service:0ef82d17-c30d-11ed-a51b-f4a47506620c". Ensure that the check ID is passed, not the check name.)
2023-03-15 16:55:51.476	[31mERROR[0m	consul/client.go:171	[Consul]update ttl heartbeat to consul failed!err:=Unexpected response code: 404 (Unknown check ID "service:0ef82d17-c30d-11ed-a51b-f4a47506620c". Ensure that the check ID is passed, not the check name.)
2023-03-15 16:56:01.471	[31mERROR[0m	consul/client.go:171	[Consul]update ttl heartbeat to consul failed!err:=Unexpected response code: 404 (Unknown check ID "service:0ef82d17-c30d-11ed-a51b-f4a47506620c". Ensure that the check ID is passed, not the check name.)
2023-03-15 16:56:11.487	[31mERROR[0m	consul/client.go:171	[Consul]update ttl heartbeat to consul failed!err:=Unexpected response code: 404 (Unknown check ID "service:0ef82d17-c30d-11ed-a51b-f4a47506620c". Ensure that the check ID is passed, not the check name.)
2023-03-15 16:56:21.482	[31mERROR[0m	consul/client.go:171	[Consul]update ttl heartbeat to consul failed!err:=Unexpected response code: 404 (Unknown check ID "service:0ef82d17-c30d-11ed-a51b-f4a47506620c". Ensure that the check ID is passed, not the check name.)
2023-03-15 16:56:31.475	[31mERROR[0m	consul/client.go:171	[Consul]update ttl heartbeat to consul failed!err:=Unexpected response code: 404 (Unknown check ID "service:0ef82d17-c30d-11ed-a51b-f4a47506620c". Ensure that the check ID is passed, not the check name.)
2023-03-15 16:56:41.483	[31mERROR[0m	consul/client.go:171	[Consul]update ttl heartbeat to consul failed!err:=Unexpected response code: 404 (Unknown check ID "service:0ef82d17-c30d-11ed-a51b-f4a47506620c". Ensure that the check ID is passed, not the check name.)
2023-03-15 16:56:51.480	[31mERROR[0m	consul/client.go:171	[Consul]update ttl heartbeat to consul failed!err:=Unexpected response code: 404 (Unknown check ID "service:0ef82d17-c30d-11ed-a51b-f4a47506620c". Ensure that the check ID is passed, not the check name.)
2023-03-15 16:57:01.481	[31mERROR[0m	consul/client.go:171	[Consul]update ttl heartbeat to consul failed!err:=Unexpected response code: 404 (Unknown check ID "service:0ef82d17-c30d-11ed-a51b-f4a47506620c". Ensure that the check ID is passed, not the check name.)
2023-03-15 16:57:11.486	[31mERROR[0m	consul/client.go:171	[Consul]update ttl heartbeat to consul failed!err:=Unexpected response code: 404 (Unknown check ID "service:0ef82d17-c30d-11ed-a51b-f4a47506620c". Ensure that the check ID is passed, not the check name.)
2023-03-15 16:57:21.475	[31mERROR[0m	consul/client.go:171	[Consul]update ttl heartbeat to consul failed!err:=Unexpected response code: 404 (Unknown check ID "service:0ef82d17-c30d-11ed-a51b-f4a47506620c". Ensure that the check ID is passed, not the check name.)
2023-03-15 16:57:31.471	[31mERROR[0m	consul/client.go:171	[Consul]update ttl heartbeat to consul failed!err:=Unexpected response code: 404 (Unknown check ID "service:0ef82d17-c30d-11ed-a51b-f4a47506620c". Ensure that the check ID is passed, not the check name.)
2023-03-15 16:57:41.480	[31mERROR[0m	consul/client.go:171	[Consul]update ttl heartbeat to consul failed!err:=Unexpected response code: 404 (Unknown check ID "service:0ef82d17-c30d-11ed-a51b-f4a47506620c". Ensure that the check ID is passed, not the check name.)
2023-03-15 16:57:51.479	[31mERROR[0m	consul/client.go:171	[Consul]update ttl heartbeat to consul failed!err:=Unexpected response code: 404 (Unknown check ID "service:0ef82d17-c30d-11ed-a51b-f4a47506620c". Ensure that the check ID is passed, not the check name.)
2023-03-15 16:58:01.477	[31mERROR[0m	consul/client.go:171	[Consul]update ttl heartbeat to consul failed!err:=Unexpected response code: 404 (Unknown check ID "service:0ef82d17-c30d-11ed-a51b-f4a47506620c". Ensure that the check ID is passed, not the check name.)
2023-03-15 16:58:11.471	[31mERROR[0m	consul/client.go:171	[Consul]update ttl heartbeat to consul failed!err:=Unexpected response code: 404 (Unknown check ID "service:0ef82d17-c30d-11ed-a51b-f4a47506620c". Ensure that the check ID is passed, not the check name.)
2023-03-15 16:58:21.484	[31mERROR[0m	consul/client.go:171	[Consul]update ttl heartbeat to consul failed!err:=Unexpected response code: 404 (Unknown check ID "service:0ef82d17-c30d-11ed-a51b-f4a47506620c". Ensure that the check ID is passed, not the check name.)
2023-03-15 16:58:31.483	[31mERROR[0m	consul/client.go:171	[Consul]update ttl heartbeat to consul failed!err:=Unexpected response code: 404 (Unknown check ID "service:0ef82d17-c30d-11ed-a51b-f4a47506620c". Ensure that the check ID is passed, not the check name.)
2023-03-15 16:58:41.478	[31mERROR[0m	consul/client.go:171	[Consul]update ttl heartbeat to consul failed!err:=Unexpected response code: 404 (Unknown check ID "service:0ef82d17-c30d-11ed-a51b-f4a47506620c". Ensure that the check ID is passed, not the check name.)
2023-03-15 16:58:51.475	[31mERROR[0m	consul/client.go:171	[Consul]update ttl heartbeat to consul failed!err:=Unexpected response code: 404 (Unknown check ID "service:0ef82d17-c30d-11ed-a51b-f4a47506620c". Ensure that the check ID is passed, not the check name.)
2023-03-15 16:59:01.479	[31mERROR[0m	consul/client.go:171	[Consul]update ttl heartbeat to consul failed!err:=Unexpected response code: 404 (Unknown check ID "service:0ef82d17-c30d-11ed-a51b-f4a47506620c". Ensure that the check ID is passed, not the check name.)
2023-03-15 16:59:11.478	[31mERROR[0m	consul/client.go:171	[Consul]update ttl heartbeat to consul failed!err:=Unexpected response code: 404 (Unknown check ID "service:0ef82d17-c30d-11ed-a51b-f4a47506620c". Ensure that the check ID is passed, not the check name.)
2023-03-15 16:59:21.481	[31mERROR[0m	consul/client.go:171	[Consul]update ttl heartbeat to consul failed!err:=Unexpected response code: 404 (Unknown check ID "service:0ef82d17-c30d-11ed-a51b-f4a47506620c". Ensure that the check ID is passed, not the check name.)
2023-03-15 16:59:31.474	[31mERROR[0m	consul/client.go:171	[Consul]update ttl heartbeat to consul failed!err:=Unexpected response code: 404 (Unknown check ID "service:0ef82d17-c30d-11ed-a51b-f4a47506620c". Ensure that the check ID is passed, not the check name.)
2023-03-15 16:59:41.483	[31mERROR[0m	consul/client.go:171	[Consul]update ttl heartbeat to consul failed!err:=Unexpected response code: 404 (Unknown check ID "service:0ef82d17-c30d-11ed-a51b-f4a47506620c". Ensure that the check ID is passed, not the check name.)
2023-03-15 16:59:51.473	[31mERROR[0m	consul/client.go:171	[Consul]update ttl heartbeat to consul failed!err:=Unexpected response code: 404 (Unknown check ID "service:0ef82d17-c30d-11ed-a51b-f4a47506620c". Ensure that the check ID is passed, not the check name.)
2023-03-15 17:00:01.474	[31mERROR[0m	consul/client.go:171	[Consul]update ttl heartbeat to consul failed!err:=Unexpected response code: 404 (Unknown check ID "service:0ef82d17-c30d-11ed-a51b-f4a47506620c". Ensure that the check ID is passed, not the check name.)
2023-03-15 17:00:11.483	[31mERROR[0m	consul/client.go:171	[Consul]update ttl heartbeat to consul failed!err:=Unexpected response code: 404 (Unknown check ID "service:0ef82d17-c30d-11ed-a51b-f4a47506620c". Ensure that the check ID is passed, not the check name.)
2023-03-15 17:00:21.474	[31mERROR[0m	consul/client.go:171	[Consul]update ttl heartbeat to consul failed!err:=Unexpected response code: 404 (Unknown check ID "service:0ef82d17-c30d-11ed-a51b-f4a47506620c". Ensure that the check ID is passed, not the check name.)
2023-03-15 17:00:31.484	[31mERROR[0m	consul/client.go:171	[Consul]update ttl heartbeat to consul failed!err:=Unexpected response code: 404 (Unknown check ID "service:0ef82d17-c30d-11ed-a51b-f4a47506620c". Ensure that the check ID is passed, not the check name.)
2023-03-15 17:00:41.487	[31mERROR[0m	consul/client.go:171	[Consul]update ttl heartbeat to consul failed!err:=Unexpected response code: 404 (Unknown check ID "service:0ef82d17-c30d-11ed-a51b-f4a47506620c". Ensure that the check ID is passed, not the check name.)
2023-03-15 17:00:51.478	[31mERROR[0m	consul/client.go:171	[Consul]update ttl heartbeat to consul failed!err:=Unexpected response code: 404 (Unknown check ID "service:0ef82d17-c30d-11ed-a51b-f4a47506620c". Ensure that the check ID is passed, not the check name.)
2023-03-15 17:01:01.486	[31mERROR[0m	consul/client.go:171	[Consul]update ttl heartbeat to consul failed!err:=Unexpected response code: 404 (Unknown check ID "service:0ef82d17-c30d-11ed-a51b-f4a47506620c". Ensure that the check ID is passed, not the check name.)
2023-03-15 17:01:11.481	[31mERROR[0m	consul/client.go:171	[Consul]update ttl heartbeat to consul failed!err:=Unexpected response code: 404 (Unknown check ID "service:0ef82d17-c30d-11ed-a51b-f4a47506620c". Ensure that the check ID is passed, not the check name.)
2023-03-15 17:01:21.482	[31mERROR[0m	consul/client.go:171	[Consul]update ttl heartbeat to consul failed!err:=Unexpected response code: 404 (Unknown check ID "service:0ef82d17-c30d-11ed-a51b-f4a47506620c". Ensure that the check ID is passed, not the check name.)
2023-03-15 17:01:31.479	[31mERROR[0m	consul/client.go:171	[Consul]update ttl heartbeat to consul failed!err:=Unexpected response code: 404 (Unknown check ID "service:0ef82d17-c30d-11ed-a51b-f4a47506620c". Ensure that the check ID is passed, not the check name.)
2023-03-15 17:01:41.479	[31mERROR[0m	consul/client.go:171	[Consul]update ttl heartbeat to consul failed!err:=Unexpected response code: 404 (Unknown check ID "service:0ef82d17-c30d-11ed-a51b-f4a47506620c". Ensure that the check ID is passed, not the check name.)
2023-03-15 17:01:51.477	[31mERROR[0m	consul/client.go:171	[Consul]update ttl heartbeat to consul failed!err:=Unexpected response code: 404 (Unknown check ID "service:0ef82d17-c30d-11ed-a51b-f4a47506620c". Ensure that the check ID is passed, not the check name.)
2023-03-15 17:02:01.480	[31mERROR[0m	consul/client.go:171	[Consul]update ttl heartbeat to consul failed!err:=Unexpected response code: 404 (Unknown check ID "service:0ef82d17-c30d-11ed-a51b-f4a47506620c". Ensure that the check ID is passed, not the check name.)
2023-03-15 17:02:11.480	[31mERROR[0m	consul/client.go:171	[Consul]update ttl heartbeat to consul failed!err:=Unexpected response code: 404 (Unknown check ID "service:0ef82d17-c30d-11ed-a51b-f4a47506620c". Ensure that the check ID is passed, not the check name.)
2023-03-15 17:02:21.476	[31mERROR[0m	consul/client.go:171	[Consul]update ttl heartbeat to consul failed!err:=Unexpected response code: 404 (Unknown check ID "service:0ef82d17-c30d-11ed-a51b-f4a47506620c". Ensure that the check ID is passed, not the check name.)
2023-03-15 17:02:31.483	[31mERROR[0m	consul/client.go:171	[Consul]update ttl heartbeat to consul failed!err:=Unexpected response code: 404 (Unknown check ID "service:0ef82d17-c30d-11ed-a51b-f4a47506620c". Ensure that the check ID is passed, not the check name.)
2023-03-15 17:02:41.475	[31mERROR[0m	consul/client.go:171	[Consul]update ttl heartbeat to consul failed!err:=Unexpected response code: 404 (Unknown check ID "service:0ef82d17-c30d-11ed-a51b-f4a47506620c". Ensure that the check ID is passed, not the check name.)
2023-03-15 17:02:51.486	[31mERROR[0m	consul/client.go:171	[Consul]update ttl heartbeat to consul failed!err:=Unexpected response code: 404 (Unknown check ID "service:0ef82d17-c30d-11ed-a51b-f4a47506620c". Ensure that the check ID is passed, not the check name.)
2023-03-15 17:03:01.481	[31mERROR[0m	consul/client.go:171	[Consul]update ttl heartbeat to consul failed!err:=Unexpected response code: 404 (Unknown check ID "service:0ef82d17-c30d-11ed-a51b-f4a47506620c". Ensure that the check ID is passed, not the check name.)
2023-03-15 17:06:21.925	[34mINFO[0m	rpcserver/server.go:151	[gRPC] server listening on: 127.0.0.1:8081
2023-03-15 17:06:28.776	[34mINFO[0m	rpcserver/server.go:151	[gRPC] server listening on: [::]:8021
2023-03-15 17:06:28.778	[31mERROR[0m	app/app.go:68	register service error: Unexpected response code: 400 (Invalid service address)
2023-03-15 17:06:28.778	[31mERROR[0m	srv/app.go:36	run user app error: Unexpected response code: 400 (Invalid service address)
2023-03-15 17:11:25.515	[34mINFO[0m	rpcserver/server.go:151	[gRPC] server listening on: [::]:8021
2023-03-15 17:11:47.577	[31mERROR[0m	app/app.go:68	register service error: Unexpected response code: 400 (Invalid service address)
2023-03-15 17:11:47.577	[31mERROR[0m	srv/app.go:36	run user app error: Unexpected response code: 400 (Invalid service address)
2023-03-15 17:17:03.482	[34mINFO[0m	rpcserver/server.go:151	[gRPC] server listening on: [::]:8021
2023-03-15 17:17:04.876	[31mERROR[0m	app/app.go:68	register service error: Unexpected response code: 400 (Invalid service address)
2023-03-15 17:17:04.876	[31mERROR[0m	srv/app.go:36	run user app error: Unexpected response code: 400 (Invalid service address)
2023-03-15 17:17:44.735	[34mINFO[0m	rpcserver/server.go:151	[gRPC] server listening on: 192.168.16.154:8021
2023-03-15 17:28:24.340	[34mINFO[0m	rpcserver/server.go:151	[gRPC] server listening on: 127.0.0.1:8081
2023-03-15 17:30:00.999	[34mINFO[0m	rpcserver/server.go:151	[gRPC] server listening on: 127.0.0.1:8081
